INFO:sim:172 - Generating IP...
Resolving generics for 'bram'...
Applying external generics to 'bram'...
Delivering associated files for 'bram'...
Delivering EJava files for 'bram'...
Generating implementation netlist for 'bram'...
INFO:sim - Pre-processing HDL files for 'bram'...
Running synthesis for 'bram'
Running ngcbuild...
Writing VEO instantiation template for 'bram'...
Writing Verilog behavioral simulation model for 'bram'...
WARNING:sim - Overwriting existing file
   /home/alper/xilinx-workspace/final/ipcore_dir/tmp/_cg/bram/doc/blk_mem_gen_v7
   _3_vinfo.html with file from view xilinx_documentation
Delivered 1 file into directory
/home/alper/xilinx-workspace/final/ipcore_dir/tmp/_cg/bram
Generating ASY schematic symbol...
ERROR:sim:938 - Error while preparing for IP customization
ERROR:sim - Failed to initialize IP model.
WARNING:sim:946 - Failed to initialise IP Model for ASY schematic symbol
ERROR:sim:944 - Failed to generate ASY schematic symbol.
ERROR:sim - Failed to generate 'bram'.  Failed to initialise IP Model for ASY
   schematic symbol

Wrote CGP file for project 'bram'.
