KCPSM3 Assembler log file for program 'SSSC.psm'.
Generated by KCPSM3 version 1.30
Ken Chapman (Xilinx Ltd) 2005.
02Jan2019-22:09:58

 Addr Code

 000                 ;;;;;;;;;;;;;;;;;;;;;;;;;;;;;;;;;;;;;;;;;;;;;;;;;;;;;;;;;;;;;;;;;;;;;;;;;;;;;;;;;
 000                 ; MIT License
 000                 ;
 000                 ; Copyright © 2018 Alper Said Soylu
 000                 ;
 000                 ; Permission is hereby granted, free of charge, to any person obtaining a copy of
 000                 ; this software and associated documentation files (the “Software”), to deal in
 000                 ; the Software without restriction, including without limitation the rights to
 000                 ; use, copy, modify, merge, publish, distribute, sublicense, and/or sell copies
 000                 ; of the Software, and to permit persons to whom the Software is furnished to do
 000                 ; so, subject to the following conditions:
 000                 ;
 000                 ; The above copyright notice and this permission notice shall be included in all
 000                 ; copies or substantial portions of the Software.
 000                 ;
 000                 ; THE SOFTWARE IS PROVIDED “AS IS”, WITHOUT WARRANTY OF ANY KIND, EXPRESS OR
 000                 ; IMPLIED, INCLUDING BUT NOT LIMITED TO THE WARRANTIES OF MERCHANTABILITY, FITNESS
 000                 ; FOR A PARTICULAR PURPOSE AND NONINFRINGEMENT. IN NO EVENT SHALL THE AUTHORS OR
 000                 ; COPYRIGHT HOLDERS BE LIABLE FOR ANY CLAIM, DAMAGES OR OTHER LIABILITY, WHETHER
 000                 ; IN AN ACTION OF CONTRACT, TORT OR OTHERWISE, ARISING FROM, OUT OF OR IN
 000                 ; CONNECTION WITH THE SOFTWARE OR THE USE OR OTHER DEALINGS IN THE SOFTWARE.
 000                 ;;;;;;;;;;;;;;;;;;;;;;;;;;;;;;;;;;;;;;;;;;;;;;;;;;;;;;;;;;;;;;;;;;;;;;;;;;;;;;;;;
 000                 ;
 000                 ; Project:
 000                 ;
 000                 ; SELF-SYNCHRONIZING STREAM CIPHER WITH LINEAR FEEDBACK SHIFT REGISTER
 000                 ;
 000                 ; Description:
 000                 ;
 000                 ;  This program implements additive binary ansynch stream cipher using a hardware
 000                 ;  LFSR. Input data is read from external memory.
 000                 ;
 000                 ; Program : SSSC
 000                 ; Author  : Alper Said Soylu
 000                 ; Date    : 12/27/2018
 000                 ;
 000                 ;;;;;;;;;;;;;;;;;;;;;;;;;;;;;;;;;;;;;;;;;;;;;;;;;;;;;;;;;;;;;;;;;;;;;;;;;;;;;;;;;
 000                 NAMEREG s0, PUBLIC_KEY
 000                 NAMEREG s1, MESSAGE
 000                 NAMEREG s2, CIPHER
 000                 NAMEREG s5, ram_addr
 000                 CONSTANT PUBLIC_KEY_ADDR, 00
 000                 CONSTANT DATA_START_ADDR, 01
 000                 CONSTANT DATA_END_ADDR, FF
 000                 CONSTANT LFSR_ADDR, 00
 000                 CONSTANT PRIVATE_KEY, 54
 000          start: 
 000  04000          INPUT PUBLIC_KEY[s0], PUBLIC_KEY_ADDR[00]
 001  00501          LOAD ram_addr[s5], DATA_START_ADDR[01]
 002  2C000          OUTPUT PUBLIC_KEY[s0], LFSR_ADDR[00]
 003  34009          JUMP first[009]
 004           loop: 
 004  05150          INPUT MESSAGE[s1], (ram_addr)[(s5)]
 005  04200          INPUT CIPHER[s2], LFSR_ADDR[00]
 006  0E254          XOR CIPHER[s2], PRIVATE_KEY[54]
 007  0F210          XOR CIPHER[s2], MESSAGE[s1]
 008  2C200          OUTPUT CIPHER[s2], LFSR_ADDR[00]
 009          first: 
 009                 ;COMPARE ram_addr, DATA_END_ADDR
 009                 ;JUMP  Z, finish
 009  18501          ADD ram_addr[s5], 01
 00A  34004          JUMP loop[004]
 00B         finish: 
 00B  2C000          OUTPUT PUBLIC_KEY[s0], LFSR_ADDR[00]      ; just to signal end of the process
 00C  3400B          JUMP finish[00B]                          ; halt
